Arguments: 
  C:\Program Files\nodejs\node.exe C:\Users\mgenchev\AppData\Roaming\npm\node_modules\yarn\bin\yarn.js add ts-node

PATH: 
  C:\WINDOWS\system32;C:\WINDOWS;C:\WINDOWS\System32\Wbem;C:\WINDOWS\System32\WindowsPowerShell\v1.0\;C:\WINDOWS\System32\OpenSSH\;C:\Program Files\nodejs\;C:\Program Files (x86)\Git\cmd;C:\Users\mgenchev\AppData\Local\Microsoft\WindowsApps;;D:\Microsoft VS Code\bin;C:\Users\mgenchev\AppData\Roaming\npm

Yarn version: 
  1.22.18

Node version: 
  16.15.0

Platform: 
  win32 x64

Trace: 
  Error: ENOENT: no such file or directory, lstat 'D:\tetris_v2\server\node_modules\typescript\bin\+æG	'

npm manifest: 
  {
    "type": "module",
    "name": "server",
    "version": "1.0.0",
    "description": "",
    "main": "index.js",
    "scripts": {
      "dev": "nodemon src/index.ts",
      "tsc": "tsc"
    },
    "keywords": [],
    "author": "",
    "license": "ISC",
    "dependencies": {
      "axios": "^0.27.2",
      "body-parser": "^1.20.0",
      "cors": "^2.8.5",
      "eslint": "^8.17.0",
      "express": "^4.18.1",
      "morgan": "^1.10.0",
      "nodemon": "^2.0.16",
      "typescript": "^4.7.3"
    },
    "devDependencies": {
      "@types/cors": "^2.8.12",
      "@types/morgan": "^1.9.3",
      "@types/node": "^17.0.42"
    }
  }

yarn manifest: 
  No manifest

Lockfile: 
  No lockfile
